[2019-02-15T20:01:28.142] [DEBUG] cheese - login => username:admin,password:123456
[2019-02-15T20:01:28.144] [DEBUG] cheese - admin
[2019-02-15T20:01:28.177] [DEBUG] cheese - null
[2019-02-15T20:01:28.179] [DEBUG] cheese - null
[2019-02-15T20:01:32.333] [DEBUG] cheese - login => username:admin,password:123456
[2019-02-15T20:01:32.334] [DEBUG] cheese - admin
[2019-02-15T20:01:32.339] [DEBUG] cheese - null
[2019-02-15T20:01:32.340] [DEBUG] cheese - null
[2019-02-19T09:37:52.649] [DEBUG] cheese - login => username:admin,password:123456
[2019-02-19T09:37:52.652] [DEBUG] cheese - admin
[2019-02-19T09:37:52.694] [DEBUG] cheese - null
[2019-02-19T09:37:52.694] [DEBUG] cheese - null
[2019-02-19T09:37:59.295] [DEBUG] cheese - login => username:admin,password:123456
[2019-02-19T09:37:59.296] [DEBUG] cheese - admin
[2019-02-19T09:37:59.305] [DEBUG] cheese - null
[2019-02-19T09:37:59.305] [DEBUG] cheese - null
[2019-02-19T09:43:39.349] [DEBUG] cheese - login => username:admin,password:123456
[2019-02-19T09:43:39.349] [DEBUG] cheese - admin
[2019-02-19T09:43:39.356] [DEBUG] cheese - null
[2019-02-19T09:43:39.356] [DEBUG] cheese - null
[2019-02-19T09:45:25.578] [DEBUG] cheese - login => username:admin,password:123456
[2019-02-19T09:45:25.578] [DEBUG] cheese - admin
[2019-02-19T09:45:25.582] [DEBUG] cheese - null
[2019-02-19T09:45:25.582] [DEBUG] cheese - null
[2019-02-19T09:47:37.996] [DEBUG] cheese - login => username:admin,password:123456
[2019-02-19T09:47:37.996] [DEBUG] cheese - admin
[2019-02-19T09:47:38.000] [DEBUG] cheese - null
[2019-02-19T09:47:38.000] [DEBUG] cheese - null
[2019-02-19T15:24:43.995] [DEBUG] cheese - login => username:admin,password:123456
[2019-02-19T15:24:43.995] [DEBUG] cheese - admin
[2019-02-19T15:24:44.009] [DEBUG] cheese - null
[2019-02-19T15:24:44.009] [DEBUG] cheese - null
[2019-02-19T15:26:37.076] [DEBUG] cheese - login => username:admin,password:123456
[2019-02-19T15:26:37.076] [DEBUG] cheese - admin
[2019-02-19T15:26:37.081] [DEBUG] cheese - null
[2019-02-19T15:26:37.082] [DEBUG] cheese - null
[2019-02-19T15:26:55.074] [DEBUG] cheese - login => username:admin,password:123456
[2019-02-19T15:26:55.074] [DEBUG] cheese - admin
[2019-02-19T15:26:55.084] [DEBUG] cheese - null
[2019-02-19T15:26:55.084] [DEBUG] cheese - null
[2019-02-19T15:56:46.723] [DEBUG] cheese - login => username:admin,password:123456
[2019-02-19T15:56:46.723] [DEBUG] cheese - admin
[2019-02-19T15:56:46.734] [DEBUG] cheese - null
[2019-02-19T15:56:46.734] [DEBUG] cheese - null
[2019-02-19T15:58:35.286] [DEBUG] cheese - login => username:admin,password:123456
[2019-02-19T15:58:35.286] [DEBUG] cheese - admin
[2019-02-19T15:58:35.289] [DEBUG] cheese - null
[2019-02-19T15:58:35.289] [DEBUG] cheese - null
[2019-02-19T17:55:32.637] [DEBUG] cheese - login => username:admin,password:123456
[2019-02-19T17:55:32.637] [DEBUG] cheese - admin
[2019-02-19T17:55:32.647] [DEBUG] cheese - null
[2019-02-19T17:55:32.647] [DEBUG] cheese - null
[2019-02-21T10:18:14.063] [DEBUG] cheese - login => username:admin,password:123456
[2019-02-21T10:18:14.070] [DEBUG] cheese - admin
[2019-02-21T10:18:14.148] [DEBUG] cheese - null
[2019-02-21T10:18:14.149] [DEBUG] cheese - null
[2019-02-21T11:25:47.489] [DEBUG] cheese - login => username:admin,password:123456
[2019-02-21T11:25:47.489] [DEBUG] cheese - admin
[2019-02-21T11:25:47.506] [DEBUG] cheese - null
[2019-02-21T11:25:47.506] [DEBUG] cheese - null
[2019-02-22T11:01:00.725] [DEBUG] cheese - login => username:admin,password:123456
[2019-02-22T11:01:00.727] [DEBUG] cheese - admin
[2019-02-22T11:01:00.770] [DEBUG] cheese - null
[2019-02-22T11:01:00.772] [DEBUG] cheese - null
[2019-02-22T14:28:55.378] [DEBUG] cheese - login => username:admin,password:123456
[2019-02-22T14:28:55.381] [DEBUG] cheese - admin
[2019-02-22T14:28:55.421] [DEBUG] cheese - null
[2019-02-22T14:28:55.422] [DEBUG] cheese - null
[2019-02-22T17:15:50.869] [DEBUG] cheese - login => username:admin,password:123456
[2019-02-22T17:15:50.870] [DEBUG] cheese - admin
[2019-02-22T17:15:50.877] [DEBUG] cheese - null
[2019-02-22T17:15:50.877] [DEBUG] cheese - null
[2019-02-24T11:35:12.324] [DEBUG] cheese - login => username:admin,password:123456
[2019-02-24T11:35:12.326] [DEBUG] cheese - admin
[2019-02-24T11:35:12.370] [DEBUG] cheese - null
[2019-02-24T11:35:12.371] [DEBUG] cheese - null
[2019-02-27T09:23:47.188] [DEBUG] cheese - login => username:admin,password:123456
[2019-02-27T09:23:47.190] [DEBUG] cheese - admin
[2019-02-27T09:23:47.223] [DEBUG] cheese - null
[2019-02-27T09:23:47.224] [DEBUG] cheese - null
[2019-02-28T09:50:57.906] [DEBUG] cheese - login => username:admin,password:123456
[2019-02-28T09:50:57.909] [DEBUG] cheese - admin
[2019-02-28T09:50:57.944] [DEBUG] cheese - null
[2019-02-28T09:50:57.945] [DEBUG] cheese - null
[2019-02-28T15:16:44.289] [DEBUG] cheese - null
[2019-02-28T15:17:00.618] [DEBUG] cheese - null
[2019-02-28T15:19:53.922] [DEBUG] cheese - null
[2019-02-28T15:22:24.314] [DEBUG] cheese - null
[2019-02-28T15:22:32.485] [DEBUG] cheese - null
[2019-02-28T15:22:40.802] [DEBUG] cheese - null
[2019-03-04T10:09:14.253] [DEBUG] cheese - login => username:admin,password:123456
[2019-03-04T10:09:14.255] [DEBUG] cheese - admin
[2019-03-04T10:09:14.295] [DEBUG] cheese - null
[2019-03-04T10:09:14.297] [DEBUG] cheese - null
[2019-03-05T11:12:05.616] [DEBUG] cheese - login => username:admin,password:123456
[2019-03-05T11:12:05.619] [DEBUG] cheese - admin
[2019-03-05T11:12:05.704] [DEBUG] cheese - null
[2019-03-05T11:12:05.705] [DEBUG] cheese - null
[2019-03-07T11:17:59.651] [DEBUG] cheese - login => username:admin,password:123456
[2019-03-07T11:17:59.653] [DEBUG] cheese - admin
[2019-03-07T11:17:59.696] [DEBUG] cheese - null
[2019-03-07T11:17:59.698] [DEBUG] cheese - null
[2019-03-11T11:01:25.302] [DEBUG] cheese - login => username:admin,password:123456
[2019-03-11T11:01:25.304] [DEBUG] cheese - admin
[2019-03-11T11:01:25.342] [DEBUG] cheese - null
[2019-03-11T11:01:25.343] [DEBUG] cheese - null
[2019-03-12T16:21:19.284] [DEBUG] cheese - login => username:admin,password:123456
[2019-03-12T16:21:19.287] [DEBUG] cheese - admin
[2019-03-12T16:21:19.327] [DEBUG] cheese - null
[2019-03-12T16:21:19.328] [DEBUG] cheese - null
[2019-03-13T13:01:03.746] [DEBUG] cheese - login => username:admin,password:123456
[2019-03-13T13:01:03.749] [DEBUG] cheese - admin
[2019-03-13T13:01:03.787] [DEBUG] cheese - null
[2019-03-13T13:01:03.788] [DEBUG] cheese - null
[2019-03-13T18:10:37.792] [DEBUG] cheese - login => username:admin,password:123456
[2019-03-13T18:10:37.792] [DEBUG] cheese - admin
[2019-03-13T18:10:37.798] [DEBUG] cheese - null
[2019-03-13T18:10:37.799] [DEBUG] cheese - null
[2019-03-14T09:52:27.182] [DEBUG] cheese - login => username:admin,password:123456
[2019-03-14T09:52:27.185] [DEBUG] cheese - admin
[2019-03-14T09:52:27.250] [DEBUG] cheese - null
[2019-03-14T09:52:27.252] [DEBUG] cheese - null
[2019-03-14T14:06:30.186] [DEBUG] cheese - login => username:admin,password:123456
[2019-03-14T14:06:30.187] [DEBUG] cheese - admin
[2019-03-14T14:06:30.192] [DEBUG] cheese - null
[2019-03-14T14:06:30.192] [DEBUG] cheese - null
[2019-03-18T10:37:32.940] [DEBUG] cheese - login => username:admin,password:123456
[2019-03-18T10:37:32.942] [DEBUG] cheese - admin
[2019-03-18T10:37:33.009] [DEBUG] cheese - null
[2019-03-18T10:37:33.012] [DEBUG] cheese - null
[2019-03-18T10:44:33.960] [DEBUG] cheese - login => username:admin,password:123456
[2019-03-18T10:44:33.960] [DEBUG] cheese - admin
[2019-03-18T10:44:33.965] [DEBUG] cheese - null
[2019-03-18T10:44:33.965] [DEBUG] cheese - null
[2019-03-18T11:10:26.359] [DEBUG] cheese - login => username:admin,password:123456
[2019-03-18T11:10:26.359] [DEBUG] cheese - admin
[2019-03-18T11:10:26.368] [DEBUG] cheese - null
[2019-03-18T11:10:26.368] [DEBUG] cheese - null
[2019-03-18T16:40:06.963] [DEBUG] cheese - login => username:admin,password:123456
[2019-03-18T16:40:06.963] [DEBUG] cheese - admin
[2019-03-18T16:40:06.990] [DEBUG] cheese - null
[2019-03-18T16:40:06.990] [DEBUG] cheese - null
[2019-03-18T16:44:12.003] [DEBUG] cheese - login => username:admin,password:123456
[2019-03-18T16:44:12.003] [DEBUG] cheese - admin
[2019-03-18T16:44:12.009] [DEBUG] cheese - null
[2019-03-18T16:44:12.009] [DEBUG] cheese - null
[2019-03-18T16:45:36.212] [DEBUG] cheese - login => username:admin,password:123456
[2019-03-18T16:45:36.213] [DEBUG] cheese - admin
[2019-03-18T16:45:36.218] [DEBUG] cheese - null
[2019-03-18T16:45:36.218] [DEBUG] cheese - null
[2019-03-18T16:53:31.337] [DEBUG] cheese - login => username:admin,password:123456
[2019-03-18T16:53:31.337] [DEBUG] cheese - admin
[2019-03-18T16:53:31.345] [DEBUG] cheese - null
[2019-03-18T16:53:31.345] [DEBUG] cheese - null
[2019-03-19T14:44:00.131] [DEBUG] cheese - login => username:admin,password:123456
[2019-03-19T14:44:00.136] [DEBUG] cheese - admin
[2019-03-19T14:44:00.195] [DEBUG] cheese - null
[2019-03-19T14:44:00.196] [DEBUG] cheese - null
[2019-03-19T15:54:15.897] [DEBUG] cheese - null
[2019-03-19T15:58:59.444] [DEBUG] cheese - null
[2019-03-19T21:36:04.485] [DEBUG] cheese - login => username:admin,password:123456
[2019-03-19T21:36:04.487] [DEBUG] cheese - admin
[2019-03-19T21:36:04.500] [DEBUG] cheese - null
[2019-03-19T21:36:04.502] [DEBUG] cheese - null
[2019-03-19T21:44:57.064] [DEBUG] cheese - login => username:admin,password:123456
[2019-03-19T21:44:57.065] [DEBUG] cheese - admin
[2019-03-19T21:44:57.068] [DEBUG] cheese - null
[2019-03-19T21:44:57.068] [DEBUG] cheese - null
[2019-03-20T11:00:25.466] [DEBUG] cheese - login => username:admin,password:123456
[2019-03-20T11:00:25.468] [DEBUG] cheese - admin
[2019-03-20T11:00:25.510] [DEBUG] cheese - null
[2019-03-20T11:00:25.511] [DEBUG] cheese - null
[2021-02-16T13:24:26.541] [DEBUG] cheese - login => username:admin,password:123456
[2021-02-16T13:24:26.543] [DEBUG] cheese - admin
[2021-02-16T13:24:26.612] [DEBUG] cheese - null
[2021-02-16T13:24:26.612] [DEBUG] cheese - null
[2021-02-16T14:13:18.444] [DEBUG] cheese - login => username:admin,password:123456
[2021-02-16T14:13:18.444] [DEBUG] cheese - admin
[2021-02-16T14:13:18.447] [DEBUG] cheese - null
[2021-02-16T14:13:18.447] [DEBUG] cheese - null
[2021-02-25T22:58:15.781] [DEBUG] cheese - login => username:admin,password:123456
[2021-02-25T22:58:15.783] [DEBUG] cheese - admin
[2021-02-25T22:58:15.793] [DEBUG] cheese - null
[2021-02-25T22:58:15.794] [DEBUG] cheese - null
[2021-02-26T23:07:09.977] [DEBUG] cheese - login => username:admin,password:123456
[2021-02-26T23:07:09.979] [DEBUG] cheese - admin
[2021-02-26T23:07:09.991] [DEBUG] cheese - null
[2021-02-26T23:07:09.991] [DEBUG] cheese - null
[2021-02-26T23:12:29.161] [DEBUG] cheese - login => username:admin,password:123456
[2021-02-26T23:12:29.163] [DEBUG] cheese - admin
[2021-02-26T23:12:29.176] [DEBUG] cheese - null
[2021-02-26T23:12:29.176] [DEBUG] cheese - null
[2021-02-26T23:15:41.808] [DEBUG] cheese - null
[2021-02-26T23:15:42.490] [DEBUG] cheese - null
[2021-02-26T23:15:43.001] [DEBUG] cheese - null
[2021-02-26T23:15:43.240] [DEBUG] cheese - null
[2021-02-26T23:15:43.463] [DEBUG] cheese - null
[2021-02-26T23:17:24.403] [DEBUG] cheese - login => username:test,password:123456
[2021-02-26T23:17:24.403] [DEBUG] cheese - test
[2021-02-26T23:17:24.406] [DEBUG] cheese - null
[2021-02-26T23:17:24.406] [DEBUG] cheese - null
[2021-02-26T23:17:25.990] [DEBUG] cheese - login => username:test,password:123456
[2021-02-26T23:17:25.990] [DEBUG] cheese - test
[2021-02-26T23:17:25.993] [DEBUG] cheese - null
[2021-02-26T23:17:25.993] [DEBUG] cheese - null
[2021-02-26T23:17:31.030] [DEBUG] cheese - login => username:admin,password:123456
[2021-02-26T23:17:31.030] [DEBUG] cheese - admin
[2021-02-26T23:17:31.032] [DEBUG] cheese - null
[2021-02-26T23:17:31.032] [DEBUG] cheese - null
[2021-02-26T23:18:43.942] [DEBUG] cheese - login => username:test,password:123456
[2021-02-26T23:18:43.942] [DEBUG] cheese - test
[2021-02-26T23:18:43.944] [DEBUG] cheese - null
[2021-02-26T23:18:43.945] [DEBUG] cheese - null
[2021-02-26T23:18:45.040] [DEBUG] cheese - login => username:test,password:123456
[2021-02-26T23:18:45.040] [DEBUG] cheese - test
[2021-02-26T23:18:45.043] [DEBUG] cheese - null
[2021-02-26T23:18:45.043] [DEBUG] cheese - null
[2021-02-26T23:18:45.327] [DEBUG] cheese - login => username:test,password:123456
[2021-02-26T23:18:45.328] [DEBUG] cheese - test
[2021-02-26T23:18:45.330] [DEBUG] cheese - null
[2021-02-26T23:18:45.330] [DEBUG] cheese - null
[2021-02-26T23:18:45.526] [DEBUG] cheese - login => username:test,password:123456
[2021-02-26T23:18:45.526] [DEBUG] cheese - test
[2021-02-26T23:18:45.529] [DEBUG] cheese - null
[2021-02-26T23:18:45.529] [DEBUG] cheese - null
[2021-02-26T23:18:45.728] [DEBUG] cheese - login => username:test,password:123456
[2021-02-26T23:18:45.728] [DEBUG] cheese - test
[2021-02-26T23:18:45.731] [DEBUG] cheese - null
[2021-02-26T23:18:45.731] [DEBUG] cheese - null
[2021-02-26T23:18:45.896] [DEBUG] cheese - login => username:test,password:123456
[2021-02-26T23:18:45.896] [DEBUG] cheese - test
[2021-02-26T23:18:45.898] [DEBUG] cheese - null
[2021-02-26T23:18:45.898] [DEBUG] cheese - null
[2021-02-26T23:18:51.065] [DEBUG] cheese - login => username:test,password:123456
[2021-02-26T23:18:51.065] [DEBUG] cheese - test
[2021-02-26T23:18:51.067] [DEBUG] cheese - null
[2021-02-26T23:18:51.067] [DEBUG] cheese - null
[2021-02-26T23:19:03.009] [DEBUG] cheese - login => username:admin,password:123456
[2021-02-26T23:19:03.009] [DEBUG] cheese - admin
[2021-02-26T23:19:03.012] [DEBUG] cheese - null
[2021-02-26T23:19:03.012] [DEBUG] cheese - null
[2021-02-26T23:19:34.581] [DEBUG] cheese - login => username:test,password:123456
[2021-02-26T23:19:34.581] [DEBUG] cheese - test
[2021-02-26T23:19:34.583] [DEBUG] cheese - null
[2021-02-26T23:19:34.583] [DEBUG] cheese - null
[2021-02-26T23:19:35.598] [DEBUG] cheese - login => username:test,password:123456
[2021-02-26T23:19:35.598] [DEBUG] cheese - test
[2021-02-26T23:19:35.600] [DEBUG] cheese - null
[2021-02-26T23:19:35.600] [DEBUG] cheese - null
[2021-02-26T23:19:35.950] [DEBUG] cheese - login => username:test,password:123456
[2021-02-26T23:19:35.950] [DEBUG] cheese - test
[2021-02-26T23:19:35.952] [DEBUG] cheese - null
[2021-02-26T23:19:35.952] [DEBUG] cheese - null
[2021-02-26T23:19:36.146] [DEBUG] cheese - login => username:test,password:123456
[2021-02-26T23:19:36.146] [DEBUG] cheese - test
[2021-02-26T23:19:36.150] [DEBUG] cheese - null
[2021-02-26T23:19:36.150] [DEBUG] cheese - null
[2021-02-26T23:19:36.329] [DEBUG] cheese - login => username:test,password:123456
[2021-02-26T23:19:36.329] [DEBUG] cheese - test
[2021-02-26T23:19:36.331] [DEBUG] cheese - null
[2021-02-26T23:19:36.332] [DEBUG] cheese - null
[2021-02-26T23:19:40.292] [DEBUG] cheese - login => username:admin,password:123456
[2021-02-26T23:19:40.292] [DEBUG] cheese - admin
[2021-02-26T23:19:40.294] [DEBUG] cheese - null
[2021-02-26T23:19:40.294] [DEBUG] cheese - null
[2021-02-26T23:54:07.356] [DEBUG] cheese - login => username:test,password:123456
[2021-02-26T23:54:07.356] [DEBUG] cheese - test
[2021-02-26T23:54:07.359] [DEBUG] cheese - null
[2021-02-26T23:54:07.359] [DEBUG] cheese - null
[2021-02-26T23:54:12.098] [DEBUG] cheese - null
[2021-02-26T23:54:12.102] [DEBUG] cheese - null
[2021-02-26T23:54:14.497] [DEBUG] cheese - null
[2021-02-26T23:54:14.502] [DEBUG] cheese - null
[2021-02-26T23:54:15.006] [DEBUG] cheese - null
[2021-02-26T23:54:15.009] [DEBUG] cheese - null
[2021-02-26T23:54:17.673] [DEBUG] cheese - null
[2021-02-26T23:54:17.677] [DEBUG] cheese - null
[2021-02-26T23:54:20.020] [DEBUG] cheese - null
[2021-02-26T23:54:20.023] [DEBUG] cheese - null
[2021-02-26T23:54:22.767] [DEBUG] cheese - null
[2021-02-26T23:54:22.770] [DEBUG] cheese - null
[2021-02-26T23:54:24.105] [DEBUG] cheese - null
[2021-02-26T23:54:24.107] [DEBUG] cheese - null
[2021-02-26T23:54:36.993] [DEBUG] cheese - null
[2021-02-26T23:54:36.997] [DEBUG] cheese - null
[2021-02-26T23:54:37.006] [DEBUG] cheese - null
[2021-02-26T23:54:39.344] [DEBUG] cheese - null
[2021-02-26T23:54:39.347] [DEBUG] cheese - null
[2021-02-26T23:54:39.353] [DEBUG] cheese - null
[2021-02-26T23:54:55.276] [DEBUG] cheese - null
[2021-02-26T23:54:55.278] [DEBUG] cheese - null
[2021-02-26T23:55:00.409] [DEBUG] cheese - null
[2021-02-26T23:55:00.411] [DEBUG] cheese - null
[2021-02-26T23:55:00.436] [DEBUG] cheese - null
[2021-02-26T23:55:00.439] [DEBUG] cheese - null
[2021-02-26T23:55:16.357] [DEBUG] cheese - null
[2021-02-26T23:55:16.367] [DEBUG] cheese - null
[2021-02-26T23:55:19.516] [DEBUG] cheese - null
[2021-02-26T23:55:19.519] [DEBUG] cheese - null
[2021-02-26T23:55:24.304] [DEBUG] cheese - null
[2021-02-26T23:55:24.308] [DEBUG] cheese - null
[2021-02-26T23:55:35.746] [DEBUG] cheese - null
[2021-02-26T23:55:35.749] [DEBUG] cheese - null
[2021-02-26T23:55:51.329] [DEBUG] cheese - null
[2021-02-26T23:55:51.333] [DEBUG] cheese - null
[2021-02-26T23:55:53.546] [DEBUG] cheese - null
[2021-02-26T23:55:53.550] [DEBUG] cheese - null
[2021-02-26T23:56:44.311] [DEBUG] cheese - null
[2021-02-26T23:56:44.315] [DEBUG] cheese - null
[2021-02-27T00:00:35.660] [DEBUG] cheese - null
[2021-02-27T00:00:35.663] [DEBUG] cheese - null
[2021-02-27T00:00:43.157] [DEBUG] cheese - null
[2021-02-27T00:00:43.163] [DEBUG] cheese - null
[2021-02-27T00:01:36.292] [DEBUG] cheese - null
[2021-02-27T00:01:36.294] [DEBUG] cheese - null
[2021-02-27T00:01:50.209] [DEBUG] cheese - null
[2021-02-27T00:01:50.221] [DEBUG] cheese - null
[2021-02-27T00:01:51.732] [DEBUG] cheese - null
[2021-02-27T00:01:51.735] [DEBUG] cheese - null
[2021-02-27T00:01:56.197] [DEBUG] cheese - null
[2021-02-27T00:01:56.199] [DEBUG] cheese - null
[2021-02-27T00:02:11.035] [DEBUG] cheese - null
[2021-02-27T00:02:11.039] [DEBUG] cheese - null
[2021-02-27T00:02:11.846] [DEBUG] cheese - null
[2021-02-27T00:02:11.850] [DEBUG] cheese - null
[2021-02-27T00:02:27.158] [DEBUG] cheese - null
[2021-02-27T00:02:27.162] [DEBUG] cheese - null
[2021-02-27T00:02:27.996] [DEBUG] cheese - null
[2021-02-27T00:02:27.999] [DEBUG] cheese - null
[2021-02-27T00:02:53.661] [DEBUG] cheese - null
[2021-02-27T00:02:53.676] [DEBUG] cheese - null
[2021-02-27T00:02:54.567] [DEBUG] cheese - null
[2021-02-27T00:02:54.570] [DEBUG] cheese - null
[2021-02-27T00:05:27.221] [DEBUG] cheese - null
[2021-02-27T00:05:27.224] [DEBUG] cheese - null
[2021-02-27T00:05:28.406] [DEBUG] cheese - null
[2021-02-27T00:05:28.409] [DEBUG] cheese - null
[2021-02-27T00:05:35.496] [DEBUG] cheese - null
[2021-02-27T00:05:35.498] [DEBUG] cheese - null
[2021-02-27T00:14:29.638] [DEBUG] cheese - null
[2021-02-27T00:14:29.641] [DEBUG] cheese - null
[2021-02-27T00:14:38.579] [DEBUG] cheese - null
[2021-02-27T00:14:38.583] [DEBUG] cheese - null
[2021-02-27T00:14:46.865] [DEBUG] cheese - null
[2021-02-27T00:14:46.868] [DEBUG] cheese - null
[2021-02-27T00:15:57.982] [DEBUG] cheese - null
[2021-02-27T00:15:57.992] [DEBUG] cheese - null
[2021-02-27T10:52:48.877] [DEBUG] cheese - login => username:admin,password:123456
[2021-02-27T10:52:48.878] [DEBUG] cheese - admin
[2021-02-27T10:52:48.894] [DEBUG] cheese - null
[2021-02-27T10:52:48.894] [DEBUG] cheese - null
[2021-02-27T11:21:24.472] [DEBUG] cheese - login => username:admin,password:123456
[2021-02-27T11:21:24.475] [DEBUG] cheese - admin
[2021-02-27T11:21:24.492] [DEBUG] cheese - null
[2021-02-27T11:21:24.493] [DEBUG] cheese - null
[2021-02-27T11:21:44.232] [DEBUG] cheese - login => username:test,password:123456
[2021-02-27T11:21:44.233] [DEBUG] cheese - test
[2021-02-27T11:21:44.248] [DEBUG] cheese - null
[2021-02-27T11:21:44.248] [DEBUG] cheese - null
[2021-02-27T11:21:46.103] [DEBUG] cheese - null
[2021-02-27T11:21:46.113] [DEBUG] cheese - null
[2021-02-27T11:21:52.022] [DEBUG] cheese - null
[2021-02-27T11:21:52.035] [DEBUG] cheese - null
[2021-02-27T11:35:16.478] [DEBUG] cheese - null
[2021-02-27T11:35:16.489] [DEBUG] cheese - null
[2021-02-27T11:36:20.597] [DEBUG] cheese - null
[2021-02-27T11:36:20.605] [DEBUG] cheese - null
[2021-02-27T11:40:47.274] [DEBUG] cheese - null
[2021-02-27T11:40:47.294] [DEBUG] cheese - null
[2021-02-27T11:42:08.205] [DEBUG] cheese - null
[2021-02-27T11:42:08.218] [DEBUG] cheese - null
[2021-02-27T11:43:13.574] [DEBUG] cheese - null
[2021-02-27T11:43:13.585] [DEBUG] cheese - null
[2021-02-27T11:45:32.391] [DEBUG] cheese - null
[2021-02-27T11:45:32.399] [DEBUG] cheese - null
[2021-02-27T11:45:50.589] [DEBUG] cheese - null
[2021-02-27T11:45:50.596] [DEBUG] cheese - null
[2021-02-27T11:55:30.045] [DEBUG] cheese - null
[2021-02-27T11:55:30.054] [DEBUG] cheese - null
[2021-02-27T11:57:33.561] [DEBUG] cheese - null
[2021-02-27T11:57:33.570] [DEBUG] cheese - null
[2021-02-27T12:09:33.092] [DEBUG] cheese - null
[2021-02-27T12:09:33.102] [DEBUG] cheese - null
[2021-02-27T16:00:34.234] [DEBUG] cheese - null
[2021-02-27T16:00:34.243] [DEBUG] cheese - null
[2021-02-27T16:45:34.114] [DEBUG] cheese - null
[2021-02-27T16:45:34.123] [DEBUG] cheese - null
[2021-02-27T17:05:27.899] [DEBUG] cheese - null
[2021-02-27T17:05:27.908] [DEBUG] cheese - null
[2021-02-27T17:05:34.680] [DEBUG] cheese - null
[2021-02-27T17:05:34.686] [DEBUG] cheese - null
[2021-02-27T17:05:36.306] [DEBUG] cheese - null
[2021-02-27T17:05:36.312] [DEBUG] cheese - null
[2021-02-27T17:05:37.768] [DEBUG] cheese - null
[2021-02-27T17:05:37.776] [DEBUG] cheese - null
[2021-02-27T17:05:40.260] [DEBUG] cheese - null
[2021-02-27T17:05:40.269] [DEBUG] cheese - null
[2021-02-27T17:05:46.610] [DEBUG] cheese - null
[2021-02-27T17:05:46.618] [DEBUG] cheese - null
[2021-02-27T17:10:10.652] [DEBUG] cheese - null
[2021-02-27T17:10:10.658] [DEBUG] cheese - null
[2021-02-27T17:10:11.239] [DEBUG] cheese - null
[2021-02-27T17:10:11.247] [DEBUG] cheese - null
[2021-02-27T17:10:12.335] [DEBUG] cheese - null
[2021-02-27T17:10:12.345] [DEBUG] cheese - null
[2021-02-27T17:10:25.991] [DEBUG] cheese - null
[2021-02-27T17:10:25.998] [DEBUG] cheese - null
[2021-02-27T17:10:26.555] [DEBUG] cheese - null
[2021-02-27T17:10:26.563] [DEBUG] cheese - null
[2021-02-27T17:10:28.676] [DEBUG] cheese - null
[2021-02-27T17:10:28.683] [DEBUG] cheese - null
[2021-02-27T17:25:47.243] [DEBUG] cheese - null
[2021-02-27T17:25:47.250] [DEBUG] cheese - null
[2021-02-27T17:30:08.041] [DEBUG] cheese - null
[2021-02-27T17:30:08.048] [DEBUG] cheese - null
[2021-02-27T17:30:11.732] [DEBUG] cheese - null
[2021-02-27T17:30:11.742] [DEBUG] cheese - null
[2021-02-27T17:30:12.693] [DEBUG] cheese - null
[2021-02-27T17:30:12.701] [DEBUG] cheese - null
[2021-02-27T17:30:28.020] [DEBUG] cheese - null
[2021-02-27T17:30:28.028] [DEBUG] cheese - null
[2021-02-27T17:30:37.240] [DEBUG] cheese - null
[2021-02-27T17:30:37.247] [DEBUG] cheese - null
[2021-02-27T17:30:56.815] [DEBUG] cheese - null
[2021-02-27T17:30:56.823] [DEBUG] cheese - null
[2021-02-27T17:32:50.978] [DEBUG] cheese - null
[2021-02-27T17:32:50.987] [DEBUG] cheese - null
[2021-02-27T17:32:53.382] [DEBUG] cheese - null
[2021-02-27T17:32:53.388] [DEBUG] cheese - null
[2021-02-27T17:32:54.283] [DEBUG] cheese - null
[2021-02-27T17:32:54.289] [DEBUG] cheese - null
[2021-02-27T17:32:57.006] [DEBUG] cheese - null
[2021-02-27T17:32:57.015] [DEBUG] cheese - null
[2021-02-27T17:33:00.220] [DEBUG] cheese - null
[2021-02-27T17:33:00.229] [DEBUG] cheese - null
[2021-02-27T17:33:00.796] [DEBUG] cheese - null
[2021-02-27T17:33:00.803] [DEBUG] cheese - null
[2021-02-27T17:45:22.141] [DEBUG] cheese - null
[2021-02-27T17:45:22.148] [DEBUG] cheese - null
[2021-02-27T17:46:41.525] [DEBUG] cheese - null
[2021-02-27T17:46:41.532] [DEBUG] cheese - null
[2021-02-27T17:53:27.192] [DEBUG] cheese - null
[2021-02-27T17:53:27.198] [DEBUG] cheese - null
[2021-02-28T22:22:06.544] [DEBUG] cheese - login => username:admin,password:123456
[2021-02-28T22:22:06.546] [DEBUG] cheese - admin
[2021-02-28T22:22:06.559] [DEBUG] cheese - null
[2021-02-28T22:22:06.559] [DEBUG] cheese - null
[2021-02-28T22:54:34.256] [DEBUG] cheese - login => username:admin,password:123456
[2021-02-28T22:54:34.258] [DEBUG] cheese - admin
[2021-02-28T22:54:34.261] [DEBUG] cheese - null
[2021-02-28T22:54:34.261] [DEBUG] cheese - null
[2021-02-28T22:55:14.787] [DEBUG] cheese - login => username:admin,password:123456
[2021-02-28T22:55:14.787] [DEBUG] cheese - admin
[2021-02-28T22:55:14.790] [DEBUG] cheese - null
[2021-02-28T22:55:14.790] [DEBUG] cheese - null
[2021-03-01T20:57:03.223] [DEBUG] cheese - login => username:admin,password:123456
[2021-03-01T20:57:03.224] [DEBUG] cheese - admin
[2021-03-01T20:57:03.236] [DEBUG] cheese - null
[2021-03-01T20:57:03.236] [DEBUG] cheese - null
[2021-03-03T22:06:54.732] [DEBUG] cheese - login => username:admin,password:123456
[2021-03-03T22:06:54.733] [DEBUG] cheese - admin
[2021-03-03T22:06:54.744] [DEBUG] cheese - null
[2021-03-03T22:06:54.745] [DEBUG] cheese - null
